0 info it worked if it ends with ok
1 verbose cli [ 'node',
1 verbose cli   'C:\\Users\\steven\\AppData\\Roaming\\npm\\node_modules\\cnpm\\node_modules\\npm\\bin\\npm-cli.js',
1 verbose cli   '--userconfig=C:\\Users\\steven\\.cnpmrc',
1 verbose cli   '--disturl=https://npm.taobao.org/mirrors/node',
1 verbose cli   '--cache=C:\\Users\\steven\\.cnpm',
1 verbose cli   '--registry=https://registry.npm.taobao.org',
1 verbose cli   '--node-gyp=C:\\Users\\steven\\AppData\\Roaming\\npm\\node_modules\\cnpm\\node_modules\\node-gyp\\bin\\node-gyp.js',
1 verbose cli   'install',
1 verbose cli   'webpack',
1 verbose cli   '-g' ]
2 info using npm@2.14.14
3 info using node@v0.12.2
4 verbose install initial load of C:\Program Files\nodejs\package.json
5 verbose readDependencies loading dependencies from C:\Program Files\nodejs\package.json
6 silly cache add args [ 'webpack', null ]
7 verbose cache add spec webpack
8 silly cache add parsed spec { raw: 'webpack',
8 silly cache add   scope: null,
8 silly cache add   name: 'webpack',
8 silly cache add   rawSpec: '',
8 silly cache add   spec: 'latest',
8 silly cache add   type: 'tag' }
9 silly addNamed webpack@latest
10 verbose addNamed "latest" is being treated as a dist-tag for webpack
11 info addNameTag [ 'webpack', 'latest' ]
12 silly mapToRegistry name webpack
13 silly mapToRegistry using default registry
14 silly mapToRegistry registry https://registry.npm.taobao.org/
15 silly mapToRegistry uri https://registry.npm.taobao.org/webpack
16 verbose addNameTag registry:https://registry.npm.taobao.org/webpack not in flight; fetching
17 verbose get https://registry.npm.taobao.org/webpack not expired, no request
18 silly addNameTag next cb for webpack with tag latest
19 silly addNamed webpack@1.12.9
20 verbose addNamed "1.12.9" is a plain semver version for webpack
21 silly cache afterAdd webpack@1.12.9
22 verbose afterAdd C:\Users\steven\.cnpm\webpack\1.12.9\package\package.json not in flight; writing
23 verbose afterAdd C:\Users\steven\.cnpm\webpack\1.12.9\package\package.json written
24 silly install resolved [ { name: 'webpack',
24 silly install resolved     version: '1.12.9',
24 silly install resolved     author: { name: 'Tobias Koppers @sokra' },
24 silly install resolved     description: 'Packs CommonJs/AMD modules for the browser. Allows to split your codebase into multiple bundles, which can be loaded on demand. Support loaders to preprocess files, i.e. json, jade, coffee, css, less, ... and your custom stuff.',
24 silly install resolved     dependencies:
24 silly install resolved      { async: '^1.3.0',
24 silly install resolved        clone: '^1.0.2',
24 silly install resolved        'enhanced-resolve': '~0.9.0',
24 silly install resolved        esprima: '^2.5.0',
24 silly install resolved        interpret: '^0.6.4',
24 silly install resolved        'loader-utils': '^0.2.11',
24 silly install resolved        'memory-fs': '~0.3.0',
24 silly install resolved        mkdirp: '~0.5.0',
24 silly install resolved        'node-libs-browser': '>= 0.4.0 <=0.6.0',
24 silly install resolved        optimist: '~0.6.0',
24 silly install resolved        'supports-color': '^3.1.0',
24 silly install resolved        tapable: '~0.1.8',
24 silly install resolved        'uglify-js': '~2.6.0',
24 silly install resolved        watchpack: '^0.2.1',
24 silly install resolved        'webpack-core': '~0.6.0' },
24 silly install resolved     license: 'MIT',
24 silly install resolved     devDependencies:
24 silly install resolved      { benchmark: '^1.0.0',
24 silly install resolved        'bundle-loader': '~0.5.0',
24 silly install resolved        'codecov.io': '^0.1.2',
24 silly install resolved        'coffee-loader': '~0.7.1',
24 silly install resolved        'coffee-script': '^1.10.0',
24 silly install resolved        'component-webpack-plugin': '~0.2.0',
24 silly install resolved        coveralls: '^2.11.2',
24 silly install resolved        'css-loader': '~0.15.0',
24 silly install resolved        diff: '^2.0.2',
24 silly install resolved        eslint: '^1.1.0',
24 silly install resolved        'eslint-plugin-nodeca': '^1.0.3',
24 silly install resolved        express: '~4.13.1',
24 silly install resolved        'extract-text-webpack-plugin': '~0.8.0',
24 silly install resolved        'file-loader': '~0.8.0',
24 silly install resolved        glob: '^5.0.14',
24 silly install resolved        'i18n-webpack-plugin': '~0.2.0',
24 silly install resolved        istanbul: '^0.3.13',
24 silly install resolved        jade: '^1.11.0',
24 silly install resolved        'jade-loader': '~0.7.0',
24 silly install resolved        'js-beautify': '^1.5.10',
24 silly install resolved        'json-loader': '~0.5.1',
24 silly install resolved        less: '^2.5.1',
24 silly install resolved        'less-loader': '^2.0.0',
24 silly install resolved        mocha: '~2.2.0',
24 silly install resolved        'mocha-lcov-reporter': '0.0.2',
24 silly install resolved        'raw-loader': '~0.5.0',
24 silly install resolved        'script-loader': '~0.6.0',
24 silly install resolved        should: '^7.0.2',
24 silly install resolved        'style-loader': '~0.12.0',
24 silly install resolved        'url-loader': '~0.5.0',
24 silly install resolved        'val-loader': '~0.5.0',
24 silly install resolved        'vm-browserify': '~0.0.0',
24 silly install resolved        'webpack-dev-middleware': '^1.0.0',
24 silly install resolved        'worker-loader': '~0.6.0' },
24 silly install resolved     engines: { node: '>=0.6' },
24 silly install resolved     repository:
24 silly install resolved      { type: 'git',
24 silly install resolved        url: 'git+https://github.com/webpack/webpack.git' },
24 silly install resolved     homepage: 'https://github.com/webpack/webpack',
24 silly install resolved     main: 'lib/webpack.js',
24 silly install resolved     web: 'lib/webpack.web.js',
24 silly install resolved     bin: { webpack: './bin/webpack.js' },
24 silly install resolved     files: [ 'lib/', 'bin/', 'buildin/', 'hot/', 'web_modules/' ],
24 silly install resolved     scripts:
24 silly install resolved      { pretest: 'npm run lint && npm run beautify-lint',
24 silly install resolved        test: 'mocha',
24 silly install resolved        travis: 'npm run cover -- --report lcovonly',
24 silly install resolved        lint: 'eslint lib bin hot scripts',
24 silly install resolved        'beautify-lint': 'node ./scripts/beautify-check',
24 silly install resolved        beautify: 'node ./scripts/beautify-rewrite',
24 silly install resolved        precover: 'npm run lint && npm run beautify-lint',
24 silly install resolved        cover: 'istanbul cover -x *.runtime.js node_modules/mocha/bin/_mocha',
24 silly install resolved        'publish-patch': 'npm run lint && npm run beautify-lint && mocha && npm version patch && git push && git push --tags && npm publish' },
24 silly install resolved     gitHead: '9766f2bde3c3f3e7b3b0e914c9cb81ea3a12e823',
24 silly install resolved     bugs: { url: 'https://github.com/webpack/webpack/issues' },
24 silly install resolved     _id: 'webpack@1.12.9',
24 silly install resolved     _shasum: '2a031d66189839cc5cbf2c68f80566da2e14ff4e',
24 silly install resolved     _from: 'webpack@latest',
24 silly install resolved     _npmVersion: '2.10.1',
24 silly install resolved     _nodeVersion: '0.12.4',
24 silly install resolved     _npmUser: { name: 'sokra', email: 'tobias.koppers@googlemail.com' },
24 silly install resolved     maintainers: [ [Object] ],
24 silly install resolved     dist:
24 silly install resolved      { shasum: '2a031d66189839cc5cbf2c68f80566da2e14ff4e',
24 silly install resolved        size: 106818,
24 silly install resolved        noattachment: false,
24 silly install resolved        tarball: 'http://registry.npm.taobao.org/webpack/download/webpack-1.12.9.tgz' },
24 silly install resolved     directories: {},
24 silly install resolved     publish_time: 1448349018190,
24 silly install resolved     _cnpm_publish_time: 1448349018190,
24 silly install resolved     _resolved: 'https://registry.npm.taobao.org/webpack/download/webpack-1.12.9.tgz',
24 silly install resolved     readme: 'ERROR: No README data found!' } ]
25 info install webpack@1.12.9 into C:\Program Files\nodejs
26 info installOne webpack@1.12.9
27 verbose installOne of webpack to C:\Program Files\nodejs not in flight; installing
28 verbose lock using C:\Users\steven\.cnpm\_locks\webpack-2f52b6cb00d40e3c.lock for C:\Program Files\nodejs\node_modules\webpack
29 silly install write writing webpack 1.12.9 to C:\Program Files\nodejs\node_modules\webpack
30 verbose unbuild node_modules\webpack
31 silly gentlyRm C:\Program Files\nodejs\node_modules\webpack is being purged from base C:\Program Files\nodejs
32 verbose gentlyRm don't care about contents; nuking C:\Program Files\nodejs\node_modules\webpack
33 verbose tar unpack C:\Users\steven\.cnpm\webpack\1.12.9\package.tgz
34 verbose tar unpacking to C:\Program Files\nodejs\node_modules\webpack
35 silly gentlyRm C:\Program Files\nodejs\node_modules\webpack is being purged
36 verbose gentlyRm don't care about contents; nuking C:\Program Files\nodejs\node_modules\webpack
37 silly gunzTarPerm modes [ '777', '666' ]
38 error tar.unpack untar error C:\Users\steven\.cnpm\webpack\1.12.9\package.tgz
39 verbose unlock done using C:\Users\steven\.cnpm\_locks\webpack-2f52b6cb00d40e3c.lock for C:\Program Files\nodejs\node_modules\webpack
40 verbose fstream_path C:\Program Files\nodejs\node_modules\webpack
41 verbose fstream_type Directory
42 verbose fstream_class DirWriter
43 verbose stack Error: EPERM, mkdir 'C:\Program Files\nodejs\node_modules\webpack'
43 verbose stack     at Error (native)
44 verbose fstream_stack C:\Users\steven\AppData\Roaming\npm\node_modules\cnpm\node_modules\npm\node_modules\fstream\lib\dir-writer.js:35:25
44 verbose fstream_stack C:\Users\steven\AppData\Roaming\npm\node_modules\cnpm\node_modules\npm\node_modules\mkdirp\index.js:47:53
44 verbose fstream_stack FSReqWrap.oncomplete (fs.js:95:15)
45 verbose cwd D:\redux2
46 error Windows_NT 6.3.9600
47 error argv "node" "C:\\Users\\steven\\AppData\\Roaming\\npm\\node_modules\\cnpm\\node_modules\\npm\\bin\\npm-cli.js" "--userconfig=C:\\Users\\steven\\.cnpmrc" "--disturl=https://npm.taobao.org/mirrors/node" "--cache=C:\\Users\\steven\\.cnpm" "--registry=https://registry.npm.taobao.org" "--node-gyp=C:\\Users\\steven\\AppData\\Roaming\\npm\\node_modules\\cnpm\\node_modules\\node-gyp\\bin\\node-gyp.js" "install" "webpack" "-g"
48 error node v0.12.2
49 error npm  v2.14.14
50 error path C:\Program Files\nodejs\node_modules\webpack
51 error code EPERM
52 error errno -4048
53 error Error: EPERM, mkdir 'C:\Program Files\nodejs\node_modules\webpack'
53 error     at Error (native)
53 error  { [Error: EPERM, mkdir 'C:\Program Files\nodejs\node_modules\webpack']
53 error   errno: -4048,
53 error   code: 'EPERM',
53 error   path: 'C:\\Program Files\\nodejs\\node_modules\\webpack',
53 error   fstream_type: 'Directory',
53 error   fstream_path: 'C:\\Program Files\\nodejs\\node_modules\\webpack',
53 error   fstream_class: 'DirWriter',
53 error   fstream_stack:
53 error    [ 'C:\\Users\\steven\\AppData\\Roaming\\npm\\node_modules\\cnpm\\node_modules\\npm\\node_modules\\fstream\\lib\\dir-writer.js:35:25',
53 error      'C:\\Users\\steven\\AppData\\Roaming\\npm\\node_modules\\cnpm\\node_modules\\npm\\node_modules\\mkdirp\\index.js:47:53',
53 error      'FSReqWrap.oncomplete (fs.js:95:15)' ] }
54 error Please try running this command again as root/Administrator.
55 verbose exit [ -4048, true ]
56 verbose unbuild node_modules\webpack
57 silly gentlyRm C:\Program Files\nodejs\node_modules\webpack is being purged from base C:\Program Files\nodejs
58 verbose gentlyRm don't care about contents; nuking C:\Program Files\nodejs\node_modules\webpack
